# JRE version: Java(TM) SE Runtime Environment (7.0_45-b18) (build 1.7.0_45-b18)
# Java VM: Java HotSpot(TM) Client VM (24.45-b08 mixed mode, sharing windows-x86 )
Heap
 def new generation   total 8064K, used 3883K [0x24300000, 0x24bb0000, 0x29850000)
  eden space 7232K,  43% used [0x24300000, 0x24618de8, 0x24a10000)
  from space 832K,  85% used [0x24ae0000, 0x24b91f18, 0x24bb0000)
  to   space 832K,   0% used [0x24a10000, 0x24a10000, 0x24ae0000)
 tenured generation   total 17728K, used 16591K [0x29850000, 0x2a9a0000, 0x34300000)
   the space 17728K,  93% used [0x29850000, 0x2a883cc8, 0x2a883e00, 0x2a9a0000)
 compacting perm gen  total 12288K, used 4077K [0x34300000, 0x34f00000, 0x38300000)
   the space 12288K,  33% used [0x34300000, 0x346fb4d0, 0x346fb600, 0x34f00000)
    ro space 10240K,  41% used [0x38300000, 0x38731a78, 0x38731c00, 0x38d00000)
    rw space 12288K,  52% used [0x38d00000, 0x393462c0, 0x39346400, 0x39900000)
GC Heap History (10 events):
Event: 51.052 GC heap before
{Heap before GC invocations=56 (full 1):
 def new generation   total 8064K, used 7911K [0x24300000, 0x24bb0000, 0x29850000)
  eden space 7232K,  99% used [0x24300000, 0x24a03fc0, 0x24a10000)
  from space 832K,  87% used [0x24a10000, 0x24ac5dd0, 0x24ae0000)
  to   space 832K,   0% used [0x24ae0000, 0x24ae0000, 0x24bb0000)
 tenured generation   total 17728K, used 14921K [0x29850000, 0x2a9a0000, 0x34300000)
   the space 17728K,  84% used [0x29850000, 0x2a6e2740, 0x2a6e2800, 0x2a9a0000)
 compacting perm gen  total 12288K, used 4077K [0x34300000, 0x34f00000, 0x38300000)
   the space 12288K,  33% used [0x34300000, 0x346fb4c0, 0x346fb600, 0x34f00000)
    ro space 10240K,  41% used [0x38300000, 0x38731a78, 0x38731c00, 0x38d00000)
    rw space 12288K,  52% used [0x38d00000, 0x393462c0, 0x39346400, 0x39900000)
Event: 51.054 GC heap after
Heap after GC invocations=57 (full 1):
 def new generation   total 8064K, used 727K [0x24300000, 0x24bb0000, 0x29850000)
  eden space 7232K,   0% used [0x24300000, 0x24300000, 0x24a10000)
  from space 832K,  87% used [0x24ae0000, 0x24b95ed8, 0x24bb0000)
  to   space 832K,   0% used [0x24a10000, 0x24a10000, 0x24ae0000)
 tenured generation   total 17728K, used 15261K [0x29850000, 0x2a9a0000, 0x34300000)
   the space 17728K,  86% used [0x29850000, 0x2a7376f8, 0x2a737800, 0x2a9a0000)
 compacting perm gen  total 12288K, used 4077K [0x34300000, 0x34f00000, 0x38300000)
   the space 12288K,  33% used [0x34300000, 0x346fb4c0, 0x346fb600, 0x34f00000)
    ro space 10240K,  41% used [0x38300000, 0x38731a78, 0x38731c00, 0x38d00000)
    rw space 12288K,  52% used [0x38d00000, 0x393462c0, 0x39346400, 0x39900000)
}
Event: 52.233 GC heap before
{Heap before GC invocations=57 (full 1):
 def new generation   total 8064K, used 7912K [0x24300000, 0x24bb0000, 0x29850000)
  eden space 7232K,  99% used [0x24300000, 0x24a042a0, 0x24a10000)
  from space 832K,  87% used [0x24ae0000, 0x24b95ed8, 0x24bb0000)
  to   space 832K,   0% used [0x24a10000, 0x24a10000, 0x24ae0000)
 tenured generation   total 17728K, used 15261K [0x29850000, 0x2a9a0000, 0x34300000)
   the space 17728K,  86% used [0x29850000, 0x2a7376f8, 0x2a737800, 0x2a9a0000)
 compacting perm gen  total 12288K, used 4077K [0x34300000, 0x34f00000, 0x38300000)
   the space 12288K,  33% used [0x34300000, 0x346fb4c0, 0x346fb600, 0x34f00000)
    ro space 10240K,  41% used [0x38300000, 0x38731a78, 0x38731c00, 0x38d00000)
    rw space 12288K,  52% used [0x38d00000, 0x393462c0, 0x39346400, 0x39900000)
Event: 52.236 GC heap after
Heap after GC invocations=58 (full 1):
 def new generation   total 8064K, used 725K [0x24300000, 0x24bb0000, 0x29850000)
  eden space 7232K,   0% used [0x24300000, 0x24300000, 0x24a10000)
  from space 832K,  87% used [0x24a10000, 0x24ac54a8, 0x24ae0000)
  to   space 832K,   0% used [0x24ae0000, 0x24ae0000, 0x24bb0000)
 tenured generation   total 17728K, used 15593K [0x29850000, 0x2a9a0000, 0x34300000)
   the space 17728K,  87% used [0x29850000, 0x2a78a598, 0x2a78a600, 0x2a9a0000)
 compacting perm gen  total 12288K, used 4077K [0x34300000, 0x34f00000, 0x38300000)
   the space 12288K,  33% used [0x34300000, 0x346fb4c0, 0x346fb600, 0x34f00000)
    ro space 10240K,  41% used [0x38300000, 0x38731a78, 0x38731c00, 0x38d00000)
    rw space 12288K,  52% used [0x38d00000, 0x393462c0, 0x39346400, 0x39900000)
}
Event: 53.413 GC heap before
{Heap before GC invocations=58 (full 1):
 def new generation   total 8064K, used 7957K [0x24300000, 0x24bb0000, 0x29850000)
  eden space 7232K, 100% used [0x24300000, 0x24a10000, 0x24a10000)
  from space 832K,  87% used [0x24a10000, 0x24ac54a8, 0x24ae0000)
  to   space 832K,   0% used [0x24ae0000, 0x24ae0000, 0x24bb0000)
 tenured generation   total 17728K, used 15593K [0x29850000, 0x2a9a0000, 0x34300000)
   the space 17728K,  87% used [0x29850000, 0x2a78a598, 0x2a78a600, 0x2a9a0000)
 compacting perm gen  total 12288K, used 4077K [0x34300000, 0x34f00000, 0x38300000)
   the space 12288K,  33% used [0x34300000, 0x346fb4c0, 0x346fb600, 0x34f00000)
    ro space 10240K,  41% used [0x38300000, 0x38731a78, 0x38731c00, 0x38d00000)
    rw space 12288K,  52% used [0x38d00000, 0x393462c0, 0x39346400, 0x39900000)
Event: 53.416 GC heap after
Heap after GC invocations=59 (full 1):
 def new generation   total 8064K, used 711K [0x24300000, 0x24bb0000, 0x29850000)
  eden space 7232K,   0% used [0x24300000, 0x24300000, 0x24a10000)
  from space 832K,  85% used [0x24ae0000, 0x24b91fe8, 0x24bb0000)
  to   space 832K,   0% used [0x24a10000, 0x24a10000, 0x24ae0000)
 tenured generation   total 17728K, used 15934K [0x29850000, 0x2a9a0000, 0x34300000)
   the space 17728K,  89% used [0x29850000, 0x2a7df958, 0x2a7dfa00, 0x2a9a0000)
 compacting perm gen  total 12288K, used 4077K [0x34300000, 0x34f00000, 0x38300000)
   the space 12288K,  33% used [0x34300000, 0x346fb4c0, 0x346fb600, 0x34f00000)
    ro space 10240K,  41% used [0x38300000, 0x38731a78, 0x38731c00, 0x38d00000)
    rw space 12288K,  52% used [0x38d00000, 0x393462c0, 0x39346400, 0x39900000)
}
Event: 54.576 GC heap before
{Heap before GC invocations=59 (full 1):
 def new generation   total 8064K, used 7921K [0x24300000, 0x24bb0000, 0x29850000)
  eden space 7232K,  99% used [0x24300000, 0x24a0a4c8, 0x24a10000)
  from space 832K,  85% used [0x24ae0000, 0x24b91fe8, 0x24bb0000)
  to   space 832K,   0% used [0x24a10000, 0x24a10000, 0x24ae0000)
 tenured generation   total 17728K, used 15934K [0x29850000, 0x2a9a0000, 0x34300000)
   the space 17728K,  89% used [0x29850000, 0x2a7df958, 0x2a7dfa00, 0x2a9a0000)
 compacting perm gen  total 12288K, used 4077K [0x34300000, 0x34f00000, 0x38300000)
   the space 12288K,  33% used [0x34300000, 0x346fb4c0, 0x346fb600, 0x34f00000)
    ro space 10240K,  41% used [0x38300000, 0x38731a78, 0x38731c00, 0x38d00000)
    rw space 12288K,  52% used [0x38d00000, 0x393462c0, 0x39346400, 0x39900000)
Event: 54.579 GC heap after
Heap after GC invocations=60 (full 1):
 def new generation   total 8064K, used 708K [0x24300000, 0x24bb0000, 0x29850000)
  eden space 7232K,   0% used [0x24300000, 0x24300000, 0x24a10000)
  from space 832K,  85% used [0x24a10000, 0x24ac1048, 0x24ae0000)
  to   space 832K,   0% used [0x24ae0000, 0x24ae0000, 0x24bb0000)
 tenured generation   total 17728K, used 16263K [0x29850000, 0x2a9a0000, 0x34300000)
   the space 17728K,  91% used [0x29850000, 0x2a831dc8, 0x2a831e00, 0x2a9a0000)
 compacting perm gen  total 12288K, used 4077K [0x34300000, 0x34f00000, 0x38300000)
   the space 12288K,  33% used [0x34300000, 0x346fb4c0, 0x346fb600, 0x34f00000)
    ro space 10240K,  41% used [0x38300000, 0x38731a78, 0x38731c00, 0x38d00000)
    rw space 12288K,  52% used [0x38d00000, 0x393462c0, 0x39346400, 0x39900000)
}
Event: 55.768 GC heap before
{Heap before GC invocations=60 (full 1):
 def new generation   total 8064K, used 7940K [0x24300000, 0x24bb0000, 0x29850000)
  eden space 7232K, 100% used [0x24300000, 0x24a10000, 0x24a10000)
  from space 832K,  85% used [0x24a10000, 0x24ac1048, 0x24ae0000)
  to   space 832K,   0% used [0x24ae0000, 0x24ae0000, 0x24bb0000)
 tenured generation   total 17728K, used 16263K [0x29850000, 0x2a9a0000, 0x34300000)
   the space 17728K,  91% used [0x29850000, 0x2a831dc8, 0x2a831e00, 0x2a9a0000)
 compacting perm gen  total 12288K, used 4077K [0x34300000, 0x34f00000, 0x38300000)
   the space 12288K,  33% used [0x34300000, 0x346fb4d0, 0x346fb600, 0x34f00000)
    ro space 10240K,  41% used [0x38300000, 0x38731a78, 0x38731c00, 0x38d00000)
    rw space 12288K,  52% used [0x38d00000, 0x393462c0, 0x39346400, 0x39900000)
Event: 55.771 GC heap after
Heap after GC invocations=61 (full 1):
 def new generation   total 8064K, used 711K [0x24300000, 0x24bb0000, 0x29850000)
  eden space 7232K,   0% used [0x24300000, 0x24300000, 0x24a10000)
  from space 832K,  85% used [0x24ae0000, 0x24b91f18, 0x24bb0000)
  to   space 832K,   0% used [0x24a10000, 0x24a10000, 0x24ae0000)
 tenured generation   total 17728K, used 16591K [0x29850000, 0x2a9a0000, 0x34300000)
   the space 17728K,  93% used [0x29850000, 0x2a883cc8, 0x2a883e00, 0x2a9a0000)
 compacting perm gen  total 12288K, used 4077K [0x34300000, 0x34f00000, 0x38300000)
   the space 12288K,  33% used [0x34300000, 0x346fb4d0, 0x346fb600, 0x34f00000)
    ro space 10240K,  41% used [0x38300000, 0x38731a78, 0x38731c00, 0x38d00000)
    rw space 12288K,  52% used [0x38d00000, 0x393462c0, 0x39346400, 0x39900000)
}

