# JRE version: Java(TM) SE Runtime Environment (7.0_45-b18) (build 1.7.0_45-b18)
# Java VM: Java HotSpot(TM) Client VM (24.45-b08 mixed mode, sharing windows-x86 )
Heap
 def new generation   total 8064K, used 1297K [0x24300000, 0x24bc0000, 0x29850000)
  eden space 7168K,   8% used [0x24300000, 0x24394c28, 0x24a00000)
  from space 896K,  78% used [0x24ae0000, 0x24b8fa28, 0x24bc0000)
  to   space 896K,   0% used [0x24a00000, 0x24a00000, 0x24ae0000)
 tenured generation   total 17804K, used 16409K [0x29850000, 0x2a9b3000, 0x34300000)
   the space 17804K,  92% used [0x29850000, 0x2a856778, 0x2a856800, 0x2a9b3000)
 compacting perm gen  total 12288K, used 4071K [0x34300000, 0x34f00000, 0x38300000)
   the space 12288K,  33% used [0x34300000, 0x346f9c80, 0x346f9e00, 0x34f00000)
    ro space 10240K,  41% used [0x38300000, 0x38731a78, 0x38731c00, 0x38d00000)
    rw space 12288K,  52% used [0x38d00000, 0x393462c0, 0x39346400, 0x39900000)
GC Heap History (10 events):
Event: 49.973 GC heap before
{Heap before GC invocations=57 (full 1):
 def new generation   total 8064K, used 7789K [0x24300000, 0x24bc0000, 0x29850000)
  eden space 7168K,  99% used [0x24300000, 0x249eeb38, 0x24a00000)
  from space 896K,  77% used [0x24a00000, 0x24aac9c8, 0x24ae0000)
  to   space 896K,   0% used [0x24ae0000, 0x24ae0000, 0x24bc0000)
 tenured generation   total 17804K, used 14809K [0x29850000, 0x2a9b3000, 0x34300000)
   the space 17804K,  83% used [0x29850000, 0x2a6c64b8, 0x2a6c6600, 0x2a9b3000)
 compacting perm gen  total 12288K, used 4071K [0x34300000, 0x34f00000, 0x38300000)
   the space 12288K,  33% used [0x34300000, 0x346f9c80, 0x346f9e00, 0x34f00000)
    ro space 10240K,  41% used [0x38300000, 0x38731a78, 0x38731c00, 0x38d00000)
    rw space 12288K,  52% used [0x38d00000, 0x393462c0, 0x39346400, 0x39900000)
Event: 49.976 GC heap after
Heap after GC invocations=58 (full 1):
 def new generation   total 8064K, used 686K [0x24300000, 0x24bc0000, 0x29850000)
  eden space 7168K,   0% used [0x24300000, 0x24300000, 0x24a00000)
  from space 896K,  76% used [0x24ae0000, 0x24b8ba68, 0x24bc0000)
  to   space 896K,   0% used [0x24a00000, 0x24a00000, 0x24ae0000)
 tenured generation   total 17804K, used 15130K [0x29850000, 0x2a9b3000, 0x34300000)
   the space 17804K,  84% used [0x29850000, 0x2a716bd8, 0x2a716c00, 0x2a9b3000)
 compacting perm gen  total 12288K, used 4071K [0x34300000, 0x34f00000, 0x38300000)
   the space 12288K,  33% used [0x34300000, 0x346f9c80, 0x346f9e00, 0x34f00000)
    ro space 10240K,  41% used [0x38300000, 0x38731a78, 0x38731c00, 0x38d00000)
    rw space 12288K,  52% used [0x38d00000, 0x393462c0, 0x39346400, 0x39900000)
}
Event: 51.137 GC heap before
{Heap before GC invocations=58 (full 1):
 def new generation   total 8064K, used 7854K [0x24300000, 0x24bc0000, 0x29850000)
  eden space 7168K, 100% used [0x24300000, 0x24a00000, 0x24a00000)
  from space 896K,  76% used [0x24ae0000, 0x24b8ba68, 0x24bc0000)
  to   space 896K,   0% used [0x24a00000, 0x24a00000, 0x24ae0000)
 tenured generation   total 17804K, used 15130K [0x29850000, 0x2a9b3000, 0x34300000)
   the space 17804K,  84% used [0x29850000, 0x2a716bd8, 0x2a716c00, 0x2a9b3000)
 compacting perm gen  total 12288K, used 4071K [0x34300000, 0x34f00000, 0x38300000)
   the space 12288K,  33% used [0x34300000, 0x346f9c80, 0x346f9e00, 0x34f00000)
    ro space 10240K,  41% used [0x38300000, 0x38731a78, 0x38731c00, 0x38d00000)
    rw space 12288K,  52% used [0x38d00000, 0x393462c0, 0x39346400, 0x39900000)
Event: 51.140 GC heap after
Heap after GC invocations=59 (full 1):
 def new generation   total 8064K, used 690K [0x24300000, 0x24bc0000, 0x29850000)
  eden space 7168K,   0% used [0x24300000, 0x24300000, 0x24a00000)
  from space 896K,  77% used [0x24a00000, 0x24aac9d0, 0x24ae0000)
  to   space 896K,   0% used [0x24ae0000, 0x24ae0000, 0x24bc0000)
 tenured generation   total 17804K, used 15446K [0x29850000, 0x2a9b3000, 0x34300000)
   the space 17804K,  86% used [0x29850000, 0x2a765818, 0x2a765a00, 0x2a9b3000)
 compacting perm gen  total 12288K, used 4071K [0x34300000, 0x34f00000, 0x38300000)
   the space 12288K,  33% used [0x34300000, 0x346f9c80, 0x346f9e00, 0x34f00000)
    ro space 10240K,  41% used [0x38300000, 0x38731a78, 0x38731c00, 0x38d00000)
    rw space 12288K,  52% used [0x38d00000, 0x393462c0, 0x39346400, 0x39900000)
}
Event: 52.317 GC heap before
{Heap before GC invocations=59 (full 1):
 def new generation   total 8064K, used 7831K [0x24300000, 0x24bc0000, 0x29850000)
  eden space 7168K,  99% used [0x24300000, 0x249f95e8, 0x24a00000)
  from space 896K,  77% used [0x24a00000, 0x24aac9d0, 0x24ae0000)
  to   space 896K,   0% used [0x24ae0000, 0x24ae0000, 0x24bc0000)
 tenured generation   total 17804K, used 15446K [0x29850000, 0x2a9b3000, 0x34300000)
   the space 17804K,  86% used [0x29850000, 0x2a765818, 0x2a765a00, 0x2a9b3000)
 compacting perm gen  total 12288K, used 4071K [0x34300000, 0x34f00000, 0x38300000)
   the space 12288K,  33% used [0x34300000, 0x346f9c80, 0x346f9e00, 0x34f00000)
    ro space 10240K,  41% used [0x38300000, 0x38731a78, 0x38731c00, 0x38d00000)
    rw space 12288K,  52% used [0x38d00000, 0x393462c0, 0x39346400, 0x39900000)
Event: 52.319 GC heap after
Heap after GC invocations=60 (full 1):
 def new generation   total 8064K, used 701K [0x24300000, 0x24bc0000, 0x29850000)
  eden space 7168K,   0% used [0x24300000, 0x24300000, 0x24a00000)
  from space 896K,  78% used [0x24ae0000, 0x24b8f408, 0x24bc0000)
  to   space 896K,   0% used [0x24a00000, 0x24a00000, 0x24ae0000)
 tenured generation   total 17804K, used 15763K [0x29850000, 0x2a9b3000, 0x34300000)
   the space 17804K,  88% used [0x29850000, 0x2a7b4fd8, 0x2a7b5000, 0x2a9b3000)
 compacting perm gen  total 12288K, used 4071K [0x34300000, 0x34f00000, 0x38300000)
   the space 12288K,  33% used [0x34300000, 0x346f9c80, 0x346f9e00, 0x34f00000)
    ro space 10240K,  41% used [0x38300000, 0x38731a78, 0x38731c00, 0x38d00000)
    rw space 12288K,  52% used [0x38d00000, 0x393462c0, 0x39346400, 0x39900000)
}
Event: 53.497 GC heap before
{Heap before GC invocations=60 (full 1):
 def new generation   total 8064K, used 7838K [0x24300000, 0x24bc0000, 0x29850000)
  eden space 7168K,  99% used [0x24300000, 0x249f85f0, 0x24a00000)
  from space 896K,  78% used [0x24ae0000, 0x24b8f408, 0x24bc0000)
  to   space 896K,   0% used [0x24a00000, 0x24a00000, 0x24ae0000)
 tenured generation   total 17804K, used 15763K [0x29850000, 0x2a9b3000, 0x34300000)
   the space 17804K,  88% used [0x29850000, 0x2a7b4fd8, 0x2a7b5000, 0x2a9b3000)
 compacting perm gen  total 12288K, used 4071K [0x34300000, 0x34f00000, 0x38300000)
   the space 12288K,  33% used [0x34300000, 0x346f9c80, 0x346f9e00, 0x34f00000)
    ro space 10240K,  41% used [0x38300000, 0x38731a78, 0x38731c00, 0x38d00000)
    rw space 12288K,  52% used [0x38d00000, 0x393462c0, 0x39346400, 0x39900000)
Event: 53.500 GC heap after
Heap after GC invocations=61 (full 1):
 def new generation   total 8064K, used 705K [0x24300000, 0x24bc0000, 0x29850000)
  eden space 7168K,   0% used [0x24300000, 0x24300000, 0x24a00000)
  from space 896K,  78% used [0x24a00000, 0x24ab0528, 0x24ae0000)
  to   space 896K,   0% used [0x24ae0000, 0x24ae0000, 0x24bc0000)
 tenured generation   total 17804K, used 16083K [0x29850000, 0x2a9b3000, 0x34300000)
   the space 17804K,  90% used [0x29850000, 0x2a804c78, 0x2a804e00, 0x2a9b3000)
 compacting perm gen  total 12288K, used 4071K [0x34300000, 0x34f00000, 0x38300000)
   the space 12288K,  33% used [0x34300000, 0x346f9c80, 0x346f9e00, 0x34f00000)
    ro space 10240K,  41% used [0x38300000, 0x38731a78, 0x38731c00, 0x38d00000)
    rw space 12288K,  52% used [0x38d00000, 0x393462c0, 0x39346400, 0x39900000)
}
Event: 54.679 GC heap before
{Heap before GC invocations=61 (full 1):
 def new generation   total 8064K, used 7815K [0x24300000, 0x24bc0000, 0x29850000)
  eden space 7168K,  99% used [0x24300000, 0x249f1870, 0x24a00000)
  from space 896K,  78% used [0x24a00000, 0x24ab0528, 0x24ae0000)
  to   space 896K,   0% used [0x24ae0000, 0x24ae0000, 0x24bc0000)
 tenured generation   total 17804K, used 16083K [0x29850000, 0x2a9b3000, 0x34300000)
   the space 17804K,  90% used [0x29850000, 0x2a804c78, 0x2a804e00, 0x2a9b3000)
 compacting perm gen  total 12288K, used 4071K [0x34300000, 0x34f00000, 0x38300000)
   the space 12288K,  33% used [0x34300000, 0x346f9c80, 0x346f9e00, 0x34f00000)
    ro space 10240K,  41% used [0x38300000, 0x38731a78, 0x38731c00, 0x38d00000)
    rw space 12288K,  52% used [0x38d00000, 0x393462c0, 0x39346400, 0x39900000)
Event: 54.681 GC heap after
Heap after GC invocations=62 (full 1):
 def new generation   total 8064K, used 702K [0x24300000, 0x24bc0000, 0x29850000)
  eden space 7168K,   0% used [0x24300000, 0x24300000, 0x24a00000)
  from space 896K,  78% used [0x24ae0000, 0x24b8fa28, 0x24bc0000)
  to   space 896K,   0% used [0x24a00000, 0x24a00000, 0x24ae0000)
 tenured generation   total 17804K, used 16409K [0x29850000, 0x2a9b3000, 0x34300000)
   the space 17804K,  92% used [0x29850000, 0x2a856778, 0x2a856800, 0x2a9b3000)
 compacting perm gen  total 12288K, used 4071K [0x34300000, 0x34f00000, 0x38300000)
   the space 12288K,  33% used [0x34300000, 0x346f9c80, 0x346f9e00, 0x34f00000)
    ro space 10240K,  41% used [0x38300000, 0x38731a78, 0x38731c00, 0x38d00000)
    rw space 12288K,  52% used [0x38d00000, 0x393462c0, 0x39346400, 0x39900000)
}

