# JRE version: Java(TM) SE Runtime Environment (7.0_45-b18) (build 1.7.0_45-b18)
# Java VM: Java HotSpot(TM) Client VM (24.45-b08 mixed mode, sharing windows-x86 )
Heap
 def new generation   total 7616K, used 1084K [0x24300000, 0x24b40000, 0x29850000)
  eden space 6784K,   5% used [0x24300000, 0x243631a8, 0x249a0000)
  from space 832K,  82% used [0x249a0000, 0x24a4be78, 0x24a70000)
  to   space 832K,   0% used [0x24a70000, 0x24a70000, 0x24b40000)
 tenured generation   total 16820K, used 16181K [0x29850000, 0x2a8bd000, 0x34300000)
   the space 16820K,  96% used [0x29850000, 0x2a81d700, 0x2a81d800, 0x2a8bd000)
 compacting perm gen  total 12288K, used 3405K [0x34300000, 0x34f00000, 0x38300000)
   the space 12288K,  27% used [0x34300000, 0x34653468, 0x34653600, 0x34f00000)
    ro space 10240K,  41% used [0x38300000, 0x38731a78, 0x38731c00, 0x38d00000)
    rw space 12288K,  52% used [0x38d00000, 0x393462c0, 0x39346400, 0x39900000)
GC Heap History (10 events):
Event: 50.249 GC heap before
{Heap before GC invocations=56 (full 1):
 def new generation   total 7616K, used 7478K [0x24300000, 0x24b40000, 0x29850000)
  eden space 6784K, 100% used [0x24300000, 0x249a0000, 0x249a0000)
  from space 832K,  83% used [0x24a70000, 0x24b1daf0, 0x24b40000)
  to   space 832K,   0% used [0x249a0000, 0x249a0000, 0x24a70000)
 tenured generation   total 16820K, used 14571K [0x29850000, 0x2a8bd000, 0x34300000)
   the space 16820K,  86% used [0x29850000, 0x2a68af78, 0x2a68b000, 0x2a8bd000)
 compacting perm gen  total 12288K, used 3405K [0x34300000, 0x34f00000, 0x38300000)
   the space 12288K,  27% used [0x34300000, 0x34653468, 0x34653600, 0x34f00000)
    ro space 10240K,  41% used [0x38300000, 0x38731a78, 0x38731c00, 0x38d00000)
    rw space 12288K,  52% used [0x38d00000, 0x393462c0, 0x39346400, 0x39900000)
Event: 50.252 GC heap after
Heap after GC invocations=57 (full 1):
 def new generation   total 7616K, used 696K [0x24300000, 0x24b40000, 0x29850000)
  eden space 6784K,   0% used [0x24300000, 0x24300000, 0x249a0000)
  from space 832K,  83% used [0x249a0000, 0x24a4e2b8, 0x24a70000)
  to   space 832K,   0% used [0x24a70000, 0x24a70000, 0x24b40000)
 tenured generation   total 16820K, used 14892K [0x29850000, 0x2a8bd000, 0x34300000)
   the space 16820K,  88% used [0x29850000, 0x2a6db2b0, 0x2a6db400, 0x2a8bd000)
 compacting perm gen  total 12288K, used 3405K [0x34300000, 0x34f00000, 0x38300000)
   the space 12288K,  27% used [0x34300000, 0x34653468, 0x34653600, 0x34f00000)
    ro space 10240K,  41% used [0x38300000, 0x38731a78, 0x38731c00, 0x38d00000)
    rw space 12288K,  52% used [0x38d00000, 0x393462c0, 0x39346400, 0x39900000)
}
Event: 51.380 GC heap before
{Heap before GC invocations=57 (full 1):
 def new generation   total 7616K, used 7418K [0x24300000, 0x24b40000, 0x29850000)
  eden space 6784K,  99% used [0x24300000, 0x24990670, 0x249a0000)
  from space 832K,  83% used [0x249a0000, 0x24a4e2b8, 0x24a70000)
  to   space 832K,   0% used [0x24a70000, 0x24a70000, 0x24b40000)
 tenured generation   total 16820K, used 14892K [0x29850000, 0x2a8bd000, 0x34300000)
   the space 16820K,  88% used [0x29850000, 0x2a6db2b0, 0x2a6db400, 0x2a8bd000)
 compacting perm gen  total 12288K, used 3405K [0x34300000, 0x34f00000, 0x38300000)
   the space 12288K,  27% used [0x34300000, 0x34653468, 0x34653600, 0x34f00000)
    ro space 10240K,  41% used [0x38300000, 0x38731a78, 0x38731c00, 0x38d00000)
    rw space 12288K,  52% used [0x38d00000, 0x393462c0, 0x39346400, 0x39900000)
Event: 51.382 GC heap after
Heap after GC invocations=58 (full 1):
 def new generation   total 7616K, used 707K [0x24300000, 0x24b40000, 0x29850000)
  eden space 6784K,   0% used [0x24300000, 0x24300000, 0x249a0000)
  from space 832K,  84% used [0x24a70000, 0x24b20c68, 0x24b40000)
  to   space 832K,   0% used [0x249a0000, 0x249a0000, 0x24a70000)
 tenured generation   total 16820K, used 15212K [0x29850000, 0x2a8bd000, 0x34300000)
   the space 16820K,  90% used [0x29850000, 0x2a72b3f0, 0x2a72b400, 0x2a8bd000)
 compacting perm gen  total 12288K, used 3405K [0x34300000, 0x34f00000, 0x38300000)
   the space 12288K,  27% used [0x34300000, 0x34653468, 0x34653600, 0x34f00000)
    ro space 10240K,  41% used [0x38300000, 0x38731a78, 0x38731c00, 0x38d00000)
    rw space 12288K,  52% used [0x38d00000, 0x393462c0, 0x39346400, 0x39900000)
}
Event: 52.510 GC heap before
{Heap before GC invocations=58 (full 1):
 def new generation   total 7616K, used 7465K [0x24300000, 0x24b40000, 0x29850000)
  eden space 6784K,  99% used [0x24300000, 0x249998e0, 0x249a0000)
  from space 832K,  84% used [0x24a70000, 0x24b20c68, 0x24b40000)
  to   space 832K,   0% used [0x249a0000, 0x249a0000, 0x24a70000)
 tenured generation   total 16820K, used 15212K [0x29850000, 0x2a8bd000, 0x34300000)
   the space 16820K,  90% used [0x29850000, 0x2a72b3f0, 0x2a72b400, 0x2a8bd000)
 compacting perm gen  total 12288K, used 3405K [0x34300000, 0x34f00000, 0x38300000)
   the space 12288K,  27% used [0x34300000, 0x34653468, 0x34653600, 0x34f00000)
    ro space 10240K,  41% used [0x38300000, 0x38731a78, 0x38731c00, 0x38d00000)
    rw space 12288K,  52% used [0x38d00000, 0x393462c0, 0x39346400, 0x39900000)
Event: 52.513 GC heap after
Heap after GC invocations=59 (full 1):
 def new generation   total 7616K, used 698K [0x24300000, 0x24b40000, 0x29850000)
  eden space 6784K,   0% used [0x24300000, 0x24300000, 0x249a0000)
  from space 832K,  84% used [0x249a0000, 0x24a4eb88, 0x24a70000)
  to   space 832K,   0% used [0x24a70000, 0x24a70000, 0x24b40000)
 tenured generation   total 16820K, used 15535K [0x29850000, 0x2a8bd000, 0x34300000)
   the space 16820K,  92% used [0x29850000, 0x2a77bef0, 0x2a77c000, 0x2a8bd000)
 compacting perm gen  total 12288K, used 3405K [0x34300000, 0x34f00000, 0x38300000)
   the space 12288K,  27% used [0x34300000, 0x34653468, 0x34653600, 0x34f00000)
    ro space 10240K,  41% used [0x38300000, 0x38731a78, 0x38731c00, 0x38d00000)
    rw space 12288K,  52% used [0x38d00000, 0x393462c0, 0x39346400, 0x39900000)
}
Event: 53.625 GC heap before
{Heap before GC invocations=59 (full 1):
 def new generation   total 7616K, used 7441K [0x24300000, 0x24b40000, 0x29850000)
  eden space 6784K,  99% used [0x24300000, 0x24995bd0, 0x249a0000)
  from space 832K,  84% used [0x249a0000, 0x24a4eb88, 0x24a70000)
  to   space 832K,   0% used [0x24a70000, 0x24a70000, 0x24b40000)
 tenured generation   total 16820K, used 15535K [0x29850000, 0x2a8bd000, 0x34300000)
   the space 16820K,  92% used [0x29850000, 0x2a77bef0, 0x2a77c000, 0x2a8bd000)
 compacting perm gen  total 12288K, used 3405K [0x34300000, 0x34f00000, 0x38300000)
   the space 12288K,  27% used [0x34300000, 0x34653468, 0x34653600, 0x34f00000)
    ro space 10240K,  41% used [0x38300000, 0x38731a78, 0x38731c00, 0x38d00000)
    rw space 12288K,  52% used [0x38d00000, 0x393462c0, 0x39346400, 0x39900000)
Event: 53.628 GC heap after
Heap after GC invocations=60 (full 1):
 def new generation   total 7616K, used 673K [0x24300000, 0x24b40000, 0x29850000)
  eden space 6784K,   0% used [0x24300000, 0x24300000, 0x249a0000)
  from space 832K,  80% used [0x24a70000, 0x24b18798, 0x24b40000)
  to   space 832K,   0% used [0x249a0000, 0x249a0000, 0x24a70000)
 tenured generation   total 16820K, used 15867K [0x29850000, 0x2a8bd000, 0x34300000)
   the space 16820K,  94% used [0x29850000, 0x2a7cece0, 0x2a7cee00, 0x2a8bd000)
 compacting perm gen  total 12288K, used 3405K [0x34300000, 0x34f00000, 0x38300000)
   the space 12288K,  27% used [0x34300000, 0x34653468, 0x34653600, 0x34f00000)
    ro space 10240K,  41% used [0x38300000, 0x38731a78, 0x38731c00, 0x38d00000)
    rw space 12288K,  52% used [0x38d00000, 0x393462c0, 0x39346400, 0x39900000)
}
Event: 54.776 GC heap before
{Heap before GC invocations=60 (full 1):
 def new generation   total 7616K, used 7453K [0x24300000, 0x24b40000, 0x29850000)
  eden space 6784K,  99% used [0x24300000, 0x2499ee70, 0x249a0000)
  from space 832K,  80% used [0x24a70000, 0x24b18798, 0x24b40000)
  to   space 832K,   0% used [0x249a0000, 0x249a0000, 0x24a70000)
 tenured generation   total 16820K, used 15867K [0x29850000, 0x2a8bd000, 0x34300000)
   the space 16820K,  94% used [0x29850000, 0x2a7cece0, 0x2a7cee00, 0x2a8bd000)
 compacting perm gen  total 12288K, used 3405K [0x34300000, 0x34f00000, 0x38300000)
   the space 12288K,  27% used [0x34300000, 0x34653468, 0x34653600, 0x34f00000)
    ro space 10240K,  41% used [0x38300000, 0x38731a78, 0x38731c00, 0x38d00000)
    rw space 12288K,  52% used [0x38d00000, 0x393462c0, 0x39346400, 0x39900000)
Event: 54.778 GC heap after
Heap after GC invocations=61 (full 1):
 def new generation   total 7616K, used 687K [0x24300000, 0x24b40000, 0x29850000)
  eden space 6784K,   0% used [0x24300000, 0x24300000, 0x249a0000)
  from space 832K,  82% used [0x249a0000, 0x24a4be78, 0x24a70000)
  to   space 832K,   0% used [0x24a70000, 0x24a70000, 0x24b40000)
 tenured generation   total 16820K, used 16181K [0x29850000, 0x2a8bd000, 0x34300000)
   the space 16820K,  96% used [0x29850000, 0x2a81d700, 0x2a81d800, 0x2a8bd000)
 compacting perm gen  total 12288K, used 3405K [0x34300000, 0x34f00000, 0x38300000)
   the space 12288K,  27% used [0x34300000, 0x34653468, 0x34653600, 0x34f00000)
    ro space 10240K,  41% used [0x38300000, 0x38731a78, 0x38731c00, 0x38d00000)
    rw space 12288K,  52% used [0x38d00000, 0x393462c0, 0x39346400, 0x39900000)
}

